<?xml version="1.0" encoding="UTF-8"?>
<!-- Generated by org.testng.reporters.JUnitReportReporter -->
<testsuite hostname="LAPTOP-1C0M3C76" failures="0" tests="1" name="Com.Test.Tc_001" time="7.734" errors="0" timestamp="2022-09-22T14:50:55 IST" skipped="0">
  <testcase classname="Com.Test.Tc_001" name="verify_login_crendential" time="7.734"/>
  <system-out/>
</testsuite> <!-- Com.Test.Tc_001 -->
